Nov 03 08:48:50  [info] Creating canary table

Nov 03 12:36:24  [info] $Fatal Error Details = Array
(
    [message] => Could not find valid value for ct
    [code] => 
)


Nov 03 12:36:24  [info] $backTrace = #0 /Users/nmeegama/work_repo/compucorp/sites/all/modules/contrib/civicrm/CRM/Core/Error.php(378): CRM_Core_Error::backtrace("backTrace", TRUE)
#1 /Users/nmeegama/work_repo/compucorp/sites/all/modules/contrib/civicrm/CRM/Utils/Request.php(120): CRM_Core_Error::fatal("Could not find valid value for ct")
#2 /Users/nmeegama/work_repo/compucorp/sites/all/modules/contrib/civicrm/CRM/Contact/Form/Contact.php(162): CRM_Utils_Request::retrieve("ct", "String", Object(CRM_Contact_Form_Contact), TRUE, NULL, "REQUEST")
#3 /Users/nmeegama/work_repo/compucorp/sites/all/modules/contrib/civicrm/CRM/Core/Form.php(543): CRM_Contact_Form_Contact->preProcess()
#4 /Users/nmeegama/work_repo/compucorp/sites/all/modules/contrib/civicrm/CRM/Core/QuickForm/Action/Display.php(92): CRM_Core_Form->buildForm()
#5 /Users/nmeegama/work_repo/compucorp/sites/all/modules/contrib/civicrm/packages/HTML/QuickForm/Controller.php(203): CRM_Core_QuickForm_Action_Display->perform(Object(CRM_Contact_Form_Contact), "display")
#6 /Users/nmeegama/work_repo/compucorp/sites/all/modules/contrib/civicrm/packages/HTML/QuickForm/Page.php(103): HTML_QuickForm_Controller->handle(Object(CRM_Contact_Form_Contact), "display")
#7 /Users/nmeegama/work_repo/compucorp/sites/all/modules/contrib/civicrm/CRM/Core/Controller.php(351): HTML_QuickForm_Page->handle("display")
#8 /Users/nmeegama/work_repo/compucorp/sites/all/modules/contrib/civicrm/CRM/Utils/Wrapper.php(113): CRM_Core_Controller->run()
#9 /Users/nmeegama/work_repo/compucorp/sites/all/modules/contrib/civicrm/CRM/Core/Invoke.php(282): CRM_Utils_Wrapper->run("CRM_Contact_Form_Contact", "New Contact", (Array:1))
#10 /Users/nmeegama/work_repo/compucorp/sites/all/modules/contrib/civicrm/CRM/Core/Invoke.php(84): CRM_Core_Invoke::runItem((Array:13))
#11 /Users/nmeegama/work_repo/compucorp/sites/all/modules/contrib/civicrm/CRM/Core/Invoke.php(52): CRM_Core_Invoke::_invoke((Array:3))
#12 /Users/nmeegama/work_repo/compucorp/sites/all/modules/contrib/civicrm/drupal/civicrm.module(448): CRM_Core_Invoke::invoke((Array:3))
#13 /Users/nmeegama/work_repo/compucorp/includes/menu.inc(527): civicrm_invoke("contact", "add")
#14 /Users/nmeegama/work_repo/compucorp/index.php(21): menu_execute_active_handler()
#15 {main}


Nov 03 12:46:10  [info] $Fatal Error Details = Array
(
    [message] => Could not find valid value for ct
    [code] => 
)


Nov 03 12:46:10  [info] $backTrace = #0 /Users/nmeegama/work_repo/compucorp/sites/all/modules/contrib/civicrm/CRM/Core/Error.php(378): CRM_Core_Error::backtrace("backTrace", TRUE)
#1 /Users/nmeegama/work_repo/compucorp/sites/all/modules/contrib/civicrm/CRM/Utils/Request.php(120): CRM_Core_Error::fatal("Could not find valid value for ct")
#2 /Users/nmeegama/work_repo/compucorp/sites/all/modules/contrib/civicrm/CRM/Contact/Form/Contact.php(162): CRM_Utils_Request::retrieve("ct", "String", Object(CRM_Contact_Form_Contact), TRUE, NULL, "REQUEST")
#3 /Users/nmeegama/work_repo/compucorp/sites/all/modules/contrib/civicrm/CRM/Core/Form.php(543): CRM_Contact_Form_Contact->preProcess()
#4 /Users/nmeegama/work_repo/compucorp/sites/all/modules/contrib/civicrm/CRM/Core/QuickForm/Action/Upload.php(129): CRM_Core_Form->buildForm()
#5 /Users/nmeegama/work_repo/compucorp/sites/all/modules/contrib/civicrm/packages/HTML/QuickForm/Controller.php(203): CRM_Core_QuickForm_Action_Upload->perform(Object(CRM_Contact_Form_Contact), "upload")
#6 /Users/nmeegama/work_repo/compucorp/sites/all/modules/contrib/civicrm/packages/HTML/QuickForm/Page.php(103): HTML_QuickForm_Controller->handle(Object(CRM_Contact_Form_Contact), "upload")
#7 /Users/nmeegama/work_repo/compucorp/sites/all/modules/contrib/civicrm/CRM/Core/Controller.php(351): HTML_QuickForm_Page->handle("upload")
#8 /Users/nmeegama/work_repo/compucorp/sites/all/modules/contrib/civicrm/CRM/Utils/Wrapper.php(113): CRM_Core_Controller->run()
#9 /Users/nmeegama/work_repo/compucorp/sites/all/modules/contrib/civicrm/CRM/Core/Invoke.php(282): CRM_Utils_Wrapper->run("CRM_Contact_Form_Contact", "New Contact", (Array:1))
#10 /Users/nmeegama/work_repo/compucorp/sites/all/modules/contrib/civicrm/CRM/Core/Invoke.php(84): CRM_Core_Invoke::runItem((Array:13))
#11 /Users/nmeegama/work_repo/compucorp/sites/all/modules/contrib/civicrm/CRM/Core/Invoke.php(52): CRM_Core_Invoke::_invoke((Array:3))
#12 /Users/nmeegama/work_repo/compucorp/sites/all/modules/contrib/civicrm/drupal/civicrm.module(448): CRM_Core_Invoke::invoke((Array:3))
#13 /Users/nmeegama/work_repo/compucorp/includes/menu.inc(527): civicrm_invoke("contact", "add")
#14 /Users/nmeegama/work_repo/compucorp/index.php(21): menu_execute_active_handler()
#15 {main}


Nov 03 12:46:19  [info] $Fatal Error Details = Array
(
    [message] => Could not find valid value for ct
    [code] => 
)


Nov 03 12:46:19  [info] $backTrace = #0 /Users/nmeegama/work_repo/compucorp/sites/all/modules/contrib/civicrm/CRM/Core/Error.php(378): CRM_Core_Error::backtrace("backTrace", TRUE)
#1 /Users/nmeegama/work_repo/compucorp/sites/all/modules/contrib/civicrm/CRM/Utils/Request.php(120): CRM_Core_Error::fatal("Could not find valid value for ct")
#2 /Users/nmeegama/work_repo/compucorp/sites/all/modules/contrib/civicrm/CRM/Contact/Form/Contact.php(162): CRM_Utils_Request::retrieve("ct", "String", Object(CRM_Contact_Form_Contact), TRUE, NULL, "REQUEST")
#3 /Users/nmeegama/work_repo/compucorp/sites/all/modules/contrib/civicrm/CRM/Core/Form.php(543): CRM_Contact_Form_Contact->preProcess()
#4 /Users/nmeegama/work_repo/compucorp/sites/all/modules/contrib/civicrm/CRM/Core/QuickForm/Action/Upload.php(129): CRM_Core_Form->buildForm()
#5 /Users/nmeegama/work_repo/compucorp/sites/all/modules/contrib/civicrm/packages/HTML/QuickForm/Controller.php(203): CRM_Core_QuickForm_Action_Upload->perform(Object(CRM_Contact_Form_Contact), "upload")
#6 /Users/nmeegama/work_repo/compucorp/sites/all/modules/contrib/civicrm/packages/HTML/QuickForm/Page.php(103): HTML_QuickForm_Controller->handle(Object(CRM_Contact_Form_Contact), "upload")
#7 /Users/nmeegama/work_repo/compucorp/sites/all/modules/contrib/civicrm/CRM/Core/Controller.php(351): HTML_QuickForm_Page->handle("upload")
#8 /Users/nmeegama/work_repo/compucorp/sites/all/modules/contrib/civicrm/CRM/Utils/Wrapper.php(113): CRM_Core_Controller->run()
#9 /Users/nmeegama/work_repo/compucorp/sites/all/modules/contrib/civicrm/CRM/Core/Invoke.php(282): CRM_Utils_Wrapper->run("CRM_Contact_Form_Contact", "New Contact", (Array:1))
#10 /Users/nmeegama/work_repo/compucorp/sites/all/modules/contrib/civicrm/CRM/Core/Invoke.php(84): CRM_Core_Invoke::runItem((Array:13))
#11 /Users/nmeegama/work_repo/compucorp/sites/all/modules/contrib/civicrm/CRM/Core/Invoke.php(52): CRM_Core_Invoke::_invoke((Array:3))
#12 /Users/nmeegama/work_repo/compucorp/sites/all/modules/contrib/civicrm/drupal/civicrm.module(448): CRM_Core_Invoke::invoke((Array:3))
#13 /Users/nmeegama/work_repo/compucorp/includes/menu.inc(527): civicrm_invoke("contact", "add")
#14 /Users/nmeegama/work_repo/compucorp/index.php(21): menu_execute_active_handler()
#15 {main}


Nov 03 13:14:26  [info] Ignoring exception thrown by nullHandler: -19, DB Error: no such field

Nov 03 13:14:26  [info] $backTrace = #0 /Users/nmeegama/work_repo/compucorp/sites/all/modules/contrib/civicrm/CRM/Core/Error.php(959): CRM_Core_Error::backtrace("backTrace", TRUE)
#1 /Users/nmeegama/work_repo/compucorp/sites/all/modules/contrib/civicrm/packages/PEAR.php(921): CRM_Core_Error::nullHandler(Object(DB_Error))
#2 /Users/nmeegama/work_repo/compucorp/sites/all/modules/contrib/civicrm/packages/DB.php(985): PEAR_Error->__construct("DB Error: no such field", -19, 16, (Array:2), "\nINSERT INTO civicrm_prevnext_cache ( entity_table, entity_id1, entity_id2, ...")
#3 /Users/nmeegama/work_repo/compucorp/sites/all/modules/contrib/civicrm/packages/PEAR.php(575): DB_Error->__construct(-19, 16, (Array:2), "\nINSERT INTO civicrm_prevnext_cache ( entity_table, entity_id1, entity_id2, ...")
#4 /Users/nmeegama/work_repo/compucorp/sites/all/modules/contrib/civicrm/packages/PEAR.php(223): PEAR->_raiseError(Object(DB_mysqli), NULL, -19, 16, (Array:2), "\nINSERT INTO civicrm_prevnext_cache ( entity_table, entity_id1, entity_id2, ...", "DB_Error", TRUE)
#5 /Users/nmeegama/work_repo/compucorp/sites/all/modules/contrib/civicrm/packages/DB/common.php(1905): PEAR->__call("raiseError", (Array:7))
#6 /Users/nmeegama/work_repo/compucorp/sites/all/modules/contrib/civicrm/packages/DB/mysqli.php(933): DB_common->raiseError(-19, NULL, NULL, "\nINSERT INTO civicrm_prevnext_cache ( entity_table, entity_id1, entity_id2, ...", "1054 ** Unknown column 'civicrm_address.id' in 'group statement'")
#7 /Users/nmeegama/work_repo/compucorp/sites/all/modules/contrib/civicrm/packages/DB/mysqli.php(403): DB_mysqli->mysqliRaiseError()
#8 /Users/nmeegama/work_repo/compucorp/sites/all/modules/contrib/civicrm/packages/DB/common.php(1216): DB_mysqli->simpleQuery("\nINSERT INTO civicrm_prevnext_cache ( entity_table, entity_id1, entity_id2, ...")
#9 /Users/nmeegama/work_repo/compucorp/sites/all/modules/contrib/civicrm/packages/DB/DataObject.php(2446): DB_common->query("\nINSERT INTO civicrm_prevnext_cache ( entity_table, entity_id1, entity_id2, ...")
#10 /Users/nmeegama/work_repo/compucorp/sites/all/modules/contrib/civicrm/packages/DB/DataObject.php(1635): DB_DataObject->_query("\nINSERT INTO civicrm_prevnext_cache ( entity_table, entity_id1, entity_id2, ...")
#11 /Users/nmeegama/work_repo/compucorp/sites/all/modules/contrib/civicrm/CRM/Core/DAO.php(362): DB_DataObject->query("\nINSERT INTO civicrm_prevnext_cache ( entity_table, entity_id1, entity_id2, ...")
#12 /Users/nmeegama/work_repo/compucorp/sites/all/modules/contrib/civicrm/CRM/Core/DAO.php(1311): CRM_Core_DAO->query("\nINSERT INTO civicrm_prevnext_cache ( entity_table, entity_id1, entity_id2, ...", TRUE)
#13 /Users/nmeegama/work_repo/compucorp/sites/all/modules/contrib/civicrm/CRM/Contact/Selector.php(1035): CRM_Core_DAO::executeQuery("\nINSERT INTO civicrm_prevnext_cache ( entity_table, entity_id1, entity_id2, ...")
#14 /Users/nmeegama/work_repo/compucorp/sites/all/modules/contrib/civicrm/CRM/Contact/Selector.php(893): CRM_Contact_Selector->fillupPrevNextCache(Object(CRM_Utils_Sort), "civicrm search 8f2e7b1ee10c3575025ea40433d0d56b_1488", 0, 500)
#15 /Users/nmeegama/work_repo/compucorp/sites/all/modules/contrib/civicrm/CRM/Contact/Selector.php(564): CRM_Contact_Selector->buildPrevNextCache(Object(CRM_Utils_Sort))
#16 /Users/nmeegama/work_repo/compucorp/sites/all/modules/contrib/civicrm/CRM/Core/Selector/Controller.php(419): CRM_Contact_Selector->getRows(4, 0, 50, Object(CRM_Utils_Sort), 1, NULL)
#17 /Users/nmeegama/work_repo/compucorp/sites/all/modules/contrib/civicrm/CRM/Core/Selector/Controller.php(340): CRM_Core_Selector_Controller->getRows(Object(CRM_Contact_Selector_Controller))
#18 /Users/nmeegama/work_repo/compucorp/sites/all/modules/contrib/civicrm/CRM/Contact/Form/Search.php(870): CRM_Core_Selector_Controller->run()
#19 /Users/nmeegama/work_repo/compucorp/sites/all/modules/contrib/civicrm/CRM/Contact/Form/Search/Basic.php(191): CRM_Contact_Form_Search->postProcess()
#20 /Users/nmeegama/work_repo/compucorp/sites/all/modules/contrib/civicrm/CRM/Core/Form.php(447): CRM_Contact_Form_Search_Basic->postProcess()
#21 /Users/nmeegama/work_repo/compucorp/sites/all/modules/contrib/civicrm/CRM/Core/QuickForm/Action/Refresh.php(75): CRM_Core_Form->mainProcess()
#22 /Users/nmeegama/work_repo/compucorp/sites/all/modules/contrib/civicrm/packages/HTML/QuickForm/Controller.php(203): CRM_Core_QuickForm_Action_Refresh->perform(Object(CRM_Contact_Form_Search_Basic), "refresh")
#23 /Users/nmeegama/work_repo/compucorp/sites/all/modules/contrib/civicrm/packages/HTML/QuickForm/Page.php(103): HTML_QuickForm_Controller->handle(Object(CRM_Contact_Form_Search_Basic), "refresh")
#24 /Users/nmeegama/work_repo/compucorp/sites/all/modules/contrib/civicrm/CRM/Core/Controller.php(351): HTML_QuickForm_Page->handle("refresh")
#25 /Users/nmeegama/work_repo/compucorp/sites/all/modules/contrib/civicrm/CRM/Core/Invoke.php(309): CRM_Core_Controller->run((Array:3), (Array:0))
#26 /Users/nmeegama/work_repo/compucorp/sites/all/modules/contrib/civicrm/CRM/Core/Invoke.php(84): CRM_Core_Invoke::runItem((Array:13))
#27 /Users/nmeegama/work_repo/compucorp/sites/all/modules/contrib/civicrm/CRM/Core/Invoke.php(52): CRM_Core_Invoke::_invoke((Array:3))
#28 /Users/nmeegama/work_repo/compucorp/sites/all/modules/contrib/civicrm/drupal/civicrm.module(448): CRM_Core_Invoke::invoke((Array:3))
#29 /Users/nmeegama/work_repo/compucorp/includes/menu.inc(527): civicrm_invoke("contact", "search")
#30 /Users/nmeegama/work_repo/compucorp/index.php(21): menu_execute_active_handler()
#31 {main}


Nov 03 16:28:47  [info] $Fatal Error Details = Array
(
    [message] =>  is not of the type Positive
    [code] => 
)


Nov 03 16:28:47  [info] $backTrace = #0 /Users/nmeegama/work_repo/compucorp/sites/all/modules/contrib/civicrm/CRM/Core/Error.php(378): CRM_Core_Error::backtrace("backTrace", TRUE)
#1 /Users/nmeegama/work_repo/compucorp/sites/all/modules/contrib/civicrm/CRM/Utils/Type.php(358): CRM_Core_Error::fatal(" is not of the type Positive")
#2 /Users/nmeegama/work_repo/compucorp/sites/all/modules/contrib/civicrm/CRM/Core/BAO/UFGroup.php(298): CRM_Utils_Type::escape("", "Positive")
#3 /Users/nmeegama/work_repo/compucorp/sites/all/modules/contrib/civicrm/CRM/Profile/Form.php(308): CRM_Core_BAO_UFGroup::getFields(NULL, FALSE, NULL, NULL, NULL, FALSE, NULL, FALSE, NULL, 1)
#4 /Users/nmeegama/work_repo/compucorp/sites/all/modules/contrib/civicrm/CRM/Profile/Form/Edit.php(121): CRM_Profile_Form->preProcess()
#5 /Users/nmeegama/work_repo/compucorp/sites/all/modules/contrib/civicrm/CRM/Core/Form.php(543): CRM_Profile_Form_Edit->preProcess()
#6 /Users/nmeegama/work_repo/compucorp/sites/all/modules/contrib/civicrm/CRM/Core/QuickForm/Action/Display.php(92): CRM_Core_Form->buildForm()
#7 /Users/nmeegama/work_repo/compucorp/sites/all/modules/contrib/civicrm/packages/HTML/QuickForm/Controller.php(203): CRM_Core_QuickForm_Action_Display->perform(Object(CRM_Profile_Form_Edit), "display")
#8 /Users/nmeegama/work_repo/compucorp/sites/all/modules/contrib/civicrm/packages/HTML/QuickForm/Page.php(103): HTML_QuickForm_Controller->handle(Object(CRM_Profile_Form_Edit), "display")
#9 /Users/nmeegama/work_repo/compucorp/sites/all/modules/contrib/civicrm/CRM/Core/Controller.php(351): HTML_QuickForm_Page->handle("display")
#10 /Users/nmeegama/work_repo/compucorp/sites/all/modules/contrib/civicrm/CRM/Profile/Page/Router.php(108): CRM_Core_Controller->run()
#11 /Users/nmeegama/work_repo/compucorp/sites/all/modules/contrib/civicrm/CRM/Core/Invoke.php(309): CRM_Profile_Page_Router->run((Array:3), NULL)
#12 /Users/nmeegama/work_repo/compucorp/sites/all/modules/contrib/civicrm/CRM/Core/Invoke.php(84): CRM_Core_Invoke::runItem((Array:13))
#13 /Users/nmeegama/work_repo/compucorp/sites/all/modules/contrib/civicrm/CRM/Core/Invoke.php(52): CRM_Core_Invoke::_invoke((Array:3))
#14 /Users/nmeegama/work_repo/compucorp/sites/all/modules/contrib/civicrm/drupal/civicrm.module(448): CRM_Core_Invoke::invoke((Array:3))
#15 /Users/nmeegama/work_repo/compucorp/includes/menu.inc(527): civicrm_invoke("profile", "edit")
#16 /Users/nmeegama/work_repo/compucorp/index.php(21): menu_execute_active_handler()
#17 {main}


Nov 03 16:39:12  [info] $Fatal Error Details = Array
(
    [message] => The requested Profile (gid=15) is not configured to be used for 'Profile' edit and view forms in its Settings. Contact the site administrator if you need assistance.
    [code] => 
)


Nov 03 16:39:13  [info] $backTrace = #0 /Users/nmeegama/work_repo/compucorp/sites/all/modules/contrib/civicrm/CRM/Core/Error.php(378): CRM_Core_Error::backtrace("backTrace", TRUE)
#1 /Users/nmeegama/work_repo/compucorp/sites/all/modules/contrib/civicrm/CRM/Profile/Form/Edit.php(145): CRM_Core_Error::fatal("The requested Profile (gid=15) is not configured to be used for 'Profile' edi...")
#2 /Users/nmeegama/work_repo/compucorp/sites/all/modules/contrib/civicrm/CRM/Core/Form.php(543): CRM_Profile_Form_Edit->preProcess()
#3 /Users/nmeegama/work_repo/compucorp/sites/all/modules/contrib/civicrm/CRM/Core/QuickForm/Action/Display.php(92): CRM_Core_Form->buildForm()
#4 /Users/nmeegama/work_repo/compucorp/sites/all/modules/contrib/civicrm/packages/HTML/QuickForm/Controller.php(203): CRM_Core_QuickForm_Action_Display->perform(Object(CRM_Profile_Form_Edit), "display")
#5 /Users/nmeegama/work_repo/compucorp/sites/all/modules/contrib/civicrm/packages/HTML/QuickForm/Page.php(103): HTML_QuickForm_Controller->handle(Object(CRM_Profile_Form_Edit), "display")
#6 /Users/nmeegama/work_repo/compucorp/sites/all/modules/contrib/civicrm/CRM/Core/Controller.php(351): HTML_QuickForm_Page->handle("display")
#7 /Users/nmeegama/work_repo/compucorp/sites/all/modules/contrib/civicrm/CRM/Profile/Page/Router.php(108): CRM_Core_Controller->run()
#8 /Users/nmeegama/work_repo/compucorp/sites/all/modules/contrib/civicrm/CRM/Core/Invoke.php(309): CRM_Profile_Page_Router->run((Array:3), NULL)
#9 /Users/nmeegama/work_repo/compucorp/sites/all/modules/contrib/civicrm/CRM/Core/Invoke.php(84): CRM_Core_Invoke::runItem((Array:13))
#10 /Users/nmeegama/work_repo/compucorp/sites/all/modules/contrib/civicrm/CRM/Core/Invoke.php(52): CRM_Core_Invoke::_invoke((Array:3))
#11 /Users/nmeegama/work_repo/compucorp/sites/all/modules/contrib/civicrm/drupal/civicrm.module(448): CRM_Core_Invoke::invoke((Array:3))
#12 /Users/nmeegama/work_repo/compucorp/includes/menu.inc(527): civicrm_invoke("profile", "edit")
#13 /Users/nmeegama/work_repo/compucorp/index.php(21): menu_execute_active_handler()
#14 {main}


Nov 03 16:39:18  [info] $Fatal Error Details = Array
(
    [message] => The requested Profile (gid=15) is not configured to be used for 'Profile' edit and view forms in its Settings. Contact the site administrator if you need assistance.
    [code] => 
)


Nov 03 16:39:18  [info] $backTrace = #0 /Users/nmeegama/work_repo/compucorp/sites/all/modules/contrib/civicrm/CRM/Core/Error.php(378): CRM_Core_Error::backtrace("backTrace", TRUE)
#1 /Users/nmeegama/work_repo/compucorp/sites/all/modules/contrib/civicrm/CRM/Profile/Form/Edit.php(145): CRM_Core_Error::fatal("The requested Profile (gid=15) is not configured to be used for 'Profile' edi...")
#2 /Users/nmeegama/work_repo/compucorp/sites/all/modules/contrib/civicrm/CRM/Core/Form.php(543): CRM_Profile_Form_Edit->preProcess()
#3 /Users/nmeegama/work_repo/compucorp/sites/all/modules/contrib/civicrm/CRM/Core/QuickForm/Action/Display.php(92): CRM_Core_Form->buildForm()
#4 /Users/nmeegama/work_repo/compucorp/sites/all/modules/contrib/civicrm/packages/HTML/QuickForm/Controller.php(203): CRM_Core_QuickForm_Action_Display->perform(Object(CRM_Profile_Form_Edit), "display")
#5 /Users/nmeegama/work_repo/compucorp/sites/all/modules/contrib/civicrm/packages/HTML/QuickForm/Page.php(103): HTML_QuickForm_Controller->handle(Object(CRM_Profile_Form_Edit), "display")
#6 /Users/nmeegama/work_repo/compucorp/sites/all/modules/contrib/civicrm/CRM/Core/Controller.php(351): HTML_QuickForm_Page->handle("display")
#7 /Users/nmeegama/work_repo/compucorp/sites/all/modules/contrib/civicrm/CRM/Profile/Page/Router.php(108): CRM_Core_Controller->run()
#8 /Users/nmeegama/work_repo/compucorp/sites/all/modules/contrib/civicrm/CRM/Core/Invoke.php(309): CRM_Profile_Page_Router->run((Array:3), NULL)
#9 /Users/nmeegama/work_repo/compucorp/sites/all/modules/contrib/civicrm/CRM/Core/Invoke.php(84): CRM_Core_Invoke::runItem((Array:13))
#10 /Users/nmeegama/work_repo/compucorp/sites/all/modules/contrib/civicrm/CRM/Core/Invoke.php(52): CRM_Core_Invoke::_invoke((Array:3))
#11 /Users/nmeegama/work_repo/compucorp/sites/all/modules/contrib/civicrm/drupal/civicrm.module(448): CRM_Core_Invoke::invoke((Array:3))
#12 /Users/nmeegama/work_repo/compucorp/includes/menu.inc(527): civicrm_invoke("profile", "edit")
#13 /Users/nmeegama/work_repo/compucorp/index.php(21): menu_execute_active_handler()
#14 {main}


Nov 03 16:39:34  [info] $Fatal Error Details = Array
(
    [message] => The requested Profile (gid=15) is disabled OR it is not configured to be used for 'Profile' listings in its Settings OR there is no Profile with that ID OR you do not have permission to access this profile. Please contact the site administrator if you need assistance.
    [code] => 
)


Nov 03 16:39:34  [info] $backTrace = #0 /Users/nmeegama/work_repo/compucorp/sites/all/modules/contrib/civicrm/CRM/Core/Error.php(378): CRM_Core_Error::backtrace("backTrace", TRUE)
#1 /Users/nmeegama/work_repo/compucorp/sites/all/modules/contrib/civicrm/CRM/Core/BAO/UFGroup.php(365): CRM_Core_Error::fatal("The requested Profile (gid=15) is disabled OR it is not configured to be used...")
#2 /Users/nmeegama/work_repo/compucorp/sites/all/modules/contrib/civicrm/CRM/Profile/Page/Dynamic.php(243): CRM_Core_BAO_UFGroup::getFields((Array:1), FALSE, 4, NULL, NULL, FALSE, "Profile", FALSE, NULL, 2)
#3 /Users/nmeegama/work_repo/compucorp/sites/all/modules/contrib/civicrm/CRM/Profile/Page/View.php(100): CRM_Profile_Page_Dynamic->run()
#4 /Users/nmeegama/work_repo/compucorp/sites/all/modules/contrib/civicrm/CRM/Profile/Page/View.php(168): CRM_Profile_Page_View->preProcess()
#5 /Users/nmeegama/work_repo/compucorp/sites/all/modules/contrib/civicrm/CRM/Core/Invoke.php(309): CRM_Profile_Page_View->run((Array:3), NULL)
#6 /Users/nmeegama/work_repo/compucorp/sites/all/modules/contrib/civicrm/CRM/Core/Invoke.php(84): CRM_Core_Invoke::runItem((Array:13))
#7 /Users/nmeegama/work_repo/compucorp/sites/all/modules/contrib/civicrm/CRM/Core/Invoke.php(52): CRM_Core_Invoke::_invoke((Array:3))
#8 /Users/nmeegama/work_repo/compucorp/sites/all/modules/contrib/civicrm/drupal/civicrm.module(448): CRM_Core_Invoke::invoke((Array:3))
#9 /Users/nmeegama/work_repo/compucorp/includes/menu.inc(527): civicrm_invoke("profile", "view")
#10 /Users/nmeegama/work_repo/compucorp/index.php(21): menu_execute_active_handler()
#11 {main}


Nov 03 16:39:41  [info] $Fatal Error Details = Array
(
    [message] => The requested Profile (gid=15) is not configured to be used for 'Profile' edit and view forms in its Settings. Contact the site administrator if you need assistance.
    [code] => 
)


Nov 03 16:39:41  [info] $backTrace = #0 /Users/nmeegama/work_repo/compucorp/sites/all/modules/contrib/civicrm/CRM/Core/Error.php(378): CRM_Core_Error::backtrace("backTrace", TRUE)
#1 /Users/nmeegama/work_repo/compucorp/sites/all/modules/contrib/civicrm/CRM/Profile/Form/Edit.php(145): CRM_Core_Error::fatal("The requested Profile (gid=15) is not configured to be used for 'Profile' edi...")
#2 /Users/nmeegama/work_repo/compucorp/sites/all/modules/contrib/civicrm/CRM/Core/Form.php(543): CRM_Profile_Form_Edit->preProcess()
#3 /Users/nmeegama/work_repo/compucorp/sites/all/modules/contrib/civicrm/CRM/Core/QuickForm/Action/Display.php(92): CRM_Core_Form->buildForm()
#4 /Users/nmeegama/work_repo/compucorp/sites/all/modules/contrib/civicrm/packages/HTML/QuickForm/Controller.php(203): CRM_Core_QuickForm_Action_Display->perform(Object(CRM_Profile_Form_Edit), "display")
#5 /Users/nmeegama/work_repo/compucorp/sites/all/modules/contrib/civicrm/packages/HTML/QuickForm/Page.php(103): HTML_QuickForm_Controller->handle(Object(CRM_Profile_Form_Edit), "display")
#6 /Users/nmeegama/work_repo/compucorp/sites/all/modules/contrib/civicrm/CRM/Core/Controller.php(351): HTML_QuickForm_Page->handle("display")
#7 /Users/nmeegama/work_repo/compucorp/sites/all/modules/contrib/civicrm/CRM/Profile/Page/Router.php(108): CRM_Core_Controller->run()
#8 /Users/nmeegama/work_repo/compucorp/sites/all/modules/contrib/civicrm/CRM/Core/Invoke.php(309): CRM_Profile_Page_Router->run((Array:3), NULL)
#9 /Users/nmeegama/work_repo/compucorp/sites/all/modules/contrib/civicrm/CRM/Core/Invoke.php(84): CRM_Core_Invoke::runItem((Array:13))
#10 /Users/nmeegama/work_repo/compucorp/sites/all/modules/contrib/civicrm/CRM/Core/Invoke.php(52): CRM_Core_Invoke::_invoke((Array:3))
#11 /Users/nmeegama/work_repo/compucorp/sites/all/modules/contrib/civicrm/drupal/civicrm.module(448): CRM_Core_Invoke::invoke((Array:3))
#12 /Users/nmeegama/work_repo/compucorp/includes/menu.inc(527): civicrm_invoke("profile", "edit")
#13 /Users/nmeegama/work_repo/compucorp/index.php(21): menu_execute_active_handler()
#14 {main}


Nov 03 16:49:41  [info] $Fatal Error Details = Array
(
    [message] => The requested Profile (gid=16) is not configured to be used for 'Profile' edit and view forms in its Settings. Contact the site administrator if you need assistance.
    [code] => 
)


Nov 03 16:49:41  [info] $backTrace = #0 /Users/nmeegama/work_repo/compucorp/sites/all/modules/contrib/civicrm/CRM/Core/Error.php(378): CRM_Core_Error::backtrace("backTrace", TRUE)
#1 /Users/nmeegama/work_repo/compucorp/sites/all/modules/contrib/civicrm/CRM/Profile/Form/Edit.php(145): CRM_Core_Error::fatal("The requested Profile (gid=16) is not configured to be used for 'Profile' edi...")
#2 /Users/nmeegama/work_repo/compucorp/sites/all/modules/contrib/civicrm/CRM/Core/Form.php(543): CRM_Profile_Form_Edit->preProcess()
#3 /Users/nmeegama/work_repo/compucorp/sites/all/modules/contrib/civicrm/CRM/Core/QuickForm/Action/Display.php(92): CRM_Core_Form->buildForm()
#4 /Users/nmeegama/work_repo/compucorp/sites/all/modules/contrib/civicrm/packages/HTML/QuickForm/Controller.php(203): CRM_Core_QuickForm_Action_Display->perform(Object(CRM_Profile_Form_Edit), "display")
#5 /Users/nmeegama/work_repo/compucorp/sites/all/modules/contrib/civicrm/packages/HTML/QuickForm/Page.php(103): HTML_QuickForm_Controller->handle(Object(CRM_Profile_Form_Edit), "display")
#6 /Users/nmeegama/work_repo/compucorp/sites/all/modules/contrib/civicrm/CRM/Core/Controller.php(351): HTML_QuickForm_Page->handle("display")
#7 /Users/nmeegama/work_repo/compucorp/sites/all/modules/contrib/civicrm/CRM/Profile/Page/Router.php(108): CRM_Core_Controller->run()
#8 /Users/nmeegama/work_repo/compucorp/sites/all/modules/contrib/civicrm/CRM/Core/Invoke.php(309): CRM_Profile_Page_Router->run((Array:3), NULL)
#9 /Users/nmeegama/work_repo/compucorp/sites/all/modules/contrib/civicrm/CRM/Core/Invoke.php(84): CRM_Core_Invoke::runItem((Array:13))
#10 /Users/nmeegama/work_repo/compucorp/sites/all/modules/contrib/civicrm/CRM/Core/Invoke.php(52): CRM_Core_Invoke::_invoke((Array:3))
#11 /Users/nmeegama/work_repo/compucorp/sites/all/modules/contrib/civicrm/drupal/civicrm.module(448): CRM_Core_Invoke::invoke((Array:3))
#12 /Users/nmeegama/work_repo/compucorp/includes/menu.inc(527): civicrm_invoke("profile", "edit")
#13 /Users/nmeegama/work_repo/compucorp/index.php(21): menu_execute_active_handler()
#14 {main}


Nov 04 08:24:34  [info] $Fatal Error Details = Array
(
    [message] =>  is not of the type Positive
    [code] => 
)


Nov 04 08:24:34  [info] $backTrace = #0 /Users/nmeegama/work_repo/compucorp/sites/all/modules/contrib/civicrm/CRM/Core/Error.php(378): CRM_Core_Error::backtrace("backTrace", TRUE)
#1 /Users/nmeegama/work_repo/compucorp/sites/all/modules/contrib/civicrm/CRM/Utils/Type.php(358): CRM_Core_Error::fatal(" is not of the type Positive")
#2 /Users/nmeegama/work_repo/compucorp/sites/all/modules/contrib/civicrm/CRM/Core/BAO/UFGroup.php(298): CRM_Utils_Type::escape("", "Positive")
#3 /Users/nmeegama/work_repo/compucorp/sites/all/modules/contrib/civicrm/CRM/Profile/Form.php(308): CRM_Core_BAO_UFGroup::getFields(NULL, FALSE, NULL, NULL, NULL, FALSE, NULL, FALSE, NULL, 1)
#4 /Users/nmeegama/work_repo/compucorp/sites/all/modules/contrib/civicrm/CRM/Profile/Form/Edit.php(121): CRM_Profile_Form->preProcess()
#5 /Users/nmeegama/work_repo/compucorp/sites/all/modules/contrib/civicrm/CRM/Core/Form.php(543): CRM_Profile_Form_Edit->preProcess()
#6 /Users/nmeegama/work_repo/compucorp/sites/all/modules/contrib/civicrm/CRM/Core/QuickForm/Action/Display.php(92): CRM_Core_Form->buildForm()
#7 /Users/nmeegama/work_repo/compucorp/sites/all/modules/contrib/civicrm/packages/HTML/QuickForm/Controller.php(203): CRM_Core_QuickForm_Action_Display->perform(Object(CRM_Profile_Form_Edit), "display")
#8 /Users/nmeegama/work_repo/compucorp/sites/all/modules/contrib/civicrm/packages/HTML/QuickForm/Page.php(103): HTML_QuickForm_Controller->handle(Object(CRM_Profile_Form_Edit), "display")
#9 /Users/nmeegama/work_repo/compucorp/sites/all/modules/contrib/civicrm/CRM/Core/Controller.php(351): HTML_QuickForm_Page->handle("display")
#10 /Users/nmeegama/work_repo/compucorp/sites/all/modules/contrib/civicrm/CRM/Profile/Page/Router.php(108): CRM_Core_Controller->run()
#11 /Users/nmeegama/work_repo/compucorp/sites/all/modules/contrib/civicrm/CRM/Core/Invoke.php(309): CRM_Profile_Page_Router->run((Array:3), NULL)
#12 /Users/nmeegama/work_repo/compucorp/sites/all/modules/contrib/civicrm/CRM/Core/Invoke.php(84): CRM_Core_Invoke::runItem((Array:13))
#13 /Users/nmeegama/work_repo/compucorp/sites/all/modules/contrib/civicrm/CRM/Core/Invoke.php(52): CRM_Core_Invoke::_invoke((Array:3))
#14 /Users/nmeegama/work_repo/compucorp/sites/all/modules/contrib/civicrm/drupal/civicrm.module(448): CRM_Core_Invoke::invoke((Array:3))
#15 /Users/nmeegama/work_repo/compucorp/includes/menu.inc(527): civicrm_invoke("profile", "edit")
#16 /Users/nmeegama/work_repo/compucorp/index.php(21): menu_execute_active_handler()
#17 {main}


